[12:47:23.402] [INFO] Storybook upgrade - v10.2.19
[12:47:23.404] [INFO] detect-projects-spinner-start: Detecting projects...
[12:47:23.405] [DEBUG] Finding Storybook projects...
[12:47:23.434] [DEBUG] Found 1 Storybook projects
[12:47:23.435] [INFO] detect-projects-spinner: Detecting projects: 1 projects
[12:47:23.435] [DEBUG] Getting Storybook data...
[12:47:23.435] [DEBUG] Getting Storybook info...
[12:47:24.194] [DEBUG] Loading main config...
[12:47:24.194] [DEBUG] Getting stories paths...
[12:47:24.213] [DEBUG] Getting package manager...
[12:47:24.356] [DEBUG] Getting package.json info for /Users/fc20315/Downloads/mintx-design-system/mintx/apps/design-system/package.json...
[12:47:24.356] [DEBUG] Getting Storybook version...
[12:47:24.357] [DEBUG] Detecting CSF factory usage...
[12:47:24.370] [DEBUG] /mintx/apps/design-system/.storybook - Validating before version... 8.6.18
[12:47:24.370] [DEBUG] /mintx/apps/design-system/.storybook - Validating upgrade compatibility...
[12:47:24.370] [DEBUG] /mintx/apps/design-system/.storybook - Fetching NPM version information...
[12:47:24.370] [DEBUG] Getting CLI versions from NPM for storybook...
[12:47:24.370] [DEBUG] Executing command: npm info storybook version
[12:47:24.374] [DEBUG] Getting CLI versions from NPM for storybook@next...
[12:47:24.374] [DEBUG] Executing command: npm info storybook@next version
[12:47:25.109] [DEBUG] /mintx/apps/design-system/.storybook - Evaluating blockers...
[12:47:25.117] [DEBUG] Getting installed version for @storybook/experimental-addon-test...
[12:47:25.117] [DEBUG] Executing command: npm ls --json --depth=99 2>/dev/null
[12:47:25.560] [DEBUG] Executing command: npm ls --json --depth=0 2>/dev/null
[12:47:25.932] [DEBUG] Error finding installations for @storybook/experimental-addon-test: ExecaError: Command failed with exit code 1: npm ls --json '--depth=0' '2>/dev/null'

{
  "name": "mintx"
}
[12:47:25.932] [DEBUG] No installations found for @storybook/experimental-addon-test
[12:47:25.932] [INFO] detect-projects-spinner-stop: 1 project detected
[12:47:25.932] [DEBUG] Found 1 valid projects and 0 error projects
[12:47:25.932] [INFO] Upgrading from [1m8.6.18[22m to [1m10.2.19[22m
[12:47:25.933] [ERROR] Blockers detected

Storybook has found potential blockers that need to be resolved before upgrading:

[33mMajor Version Gap Detected[39m

Your Storybook version (v8.6.18) is more than one major version behind the target release (v10.2.19). Please upgrade one major version at a time.

You can upgrade to version 9 by running:
[36mnpx storybook@9 upgrade[39m

Affected projects: /mintx/apps/design-system/.storybook

More information: https://storybook.js.org/docs/9/migration-guide?ref=upgrade

---

After addressing this, you can try running the upgrade command again. You can also rerun the upgrade command with the [36m--force[39m flag to skip the blocker check and to proceed with the upgrade.
[12:47:25.937] [INFO] Storybook collects completely anonymous usage telemetry. We use it to shape Storybook's roadmap and prioritize features. You can learn more, including how to opt out, at https://storybook.js.org/telemetry